build/outputs/logs/manifest-merger-release-report.txt
-- Merging decision tree log ---
manifest
ADDED from workspace/MST8328USBDVR/AndroidManifest.xml:2:1-82:12
	package
		ADDED from workspace/MST8328USBDVR/AndroidManifest.xml:2:171-192
	android:sharedUserId
		ADDED from workspace/MST8328USBDVR/AndroidManifest.xml:2:70-111
	android:versionName
		ADDED from workspace/MST8328USBDVR/AndroidManifest.xml:2:145-170
		INJECTED from workspace/MST8328USBDVR/AndroidManifest.xml
		INJECTED from workspace/MST8328USBDVR/AndroidManifest.xml
	android:versionCode
		ADDED from workspace/MST8328USBDVR/AndroidManifest.xml:2:112-144
		INJECTED from workspace/MST8328USBDVR/AndroidManifest.xml
		INJECTED from workspace/MST8328USBDVR/AndroidManifest.xml
	xmlns:android
		ADDED from workspace/MST8328USBDVR/AndroidManifest.xml:2:11-69
uses-sdk
ADDED from workspace/MST8328USBDVR/AndroidManifest.xml:3:5-73
	android:targetSdkVersion
		ADDED from workspace/MST8328USBDVR/AndroidManifest.xml:3:42-71
	android:minSdkVersion
		ADDED from workspace/MST8328USBDVR/AndroidManifest.xml:3:15-41
uses-permission#android.permission.CAMERA
ADDED from workspace/MST8328USBDVR/AndroidManifest.xml:4:5-64
	android:name
		ADDED from workspace/MST8328USBDVR/AndroidManifest.xml:4:22-62
uses-feature#android.hardware.camera
ADDED from workspace/MST8328USBDVR/AndroidManifest.xml:5:5-59
	android:name
		ADDED from workspace/MST8328USBDVR/AndroidManifest.xml:5:19-57
uses-permission#android.permission.RECEIVE_BOOT_COMPLETED
ADDED from workspace/MST8328USBDVR/AndroidManifest.xml:6:5-80
	android:name
		ADDED from workspace/MST8328USBDVR/AndroidManifest.xml:6:22-78
uses-permission#android.permission.ACCESS_NETWORK_STATE
ADDED from workspace/MST8328USBDVR/AndroidManifest.xml:7:5-8:23
	android:name
		ADDED from workspace/MST8328USBDVR/AndroidManifest.xml:7:22-76
uses-permission#android.permission.ACCESS_WIFI_STATE
ADDED from workspace/MST8328USBDVR/AndroidManifest.xml:9:5-10:23
	android:name
		ADDED from workspace/MST8328USBDVR/AndroidManifest.xml:9:22-73
uses-permission#android.permission.ACCESS_FINE_LOCATION
ADDED from workspace/MST8328USBDVR/AndroidManifest.xml:11:5-12:23
	android:name
		ADDED from workspace/MST8328USBDVR/AndroidManifest.xml:11:22-76
uses-permission#android.permission.ACCESS_COARSE_LOCATION
ADDED from workspace/MST8328USBDVR/AndroidManifest.xml:13:5-14:23
	android:name
		ADDED from workspace/MST8328USBDVR/AndroidManifest.xml:13:22-78
uses-permission#android.permission.RECORD_AUDIO
ADDED from workspace/MST8328USBDVR/AndroidManifest.xml:16:5-17:23
	android:name
		ADDED from workspace/MST8328USBDVR/AndroidManifest.xml:16:22-68
uses-permission#android.permission.RECORD_VIDEO
ADDED from workspace/MST8328USBDVR/AndroidManifest.xml:18:5-19:23
	android:name
		ADDED from workspace/MST8328USBDVR/AndroidManifest.xml:18:22-68
uses-permission#android.permission.INTERNET
ADDED from workspace/MST8328USBDVR/AndroidManifest.xml:20:5-21:23
	android:name
		ADDED from workspace/MST8328USBDVR/AndroidManifest.xml:20:22-64
uses-permission#android.permission.READ_EXTERNAL_STORAGE
ADDED from workspace/MST8328USBDVR/AndroidManifest.xml:22:5-79
	android:name
		ADDED from workspace/MST8328USBDVR/AndroidManifest.xml:22:22-77
uses-permission#android.permission.WRITE_EXTERNAL_STORAGE
ADDED from workspace/MST8328USBDVR/AndroidManifest.xml:23:5-24:23
	android:name
		ADDED from workspace/MST8328USBDVR/AndroidManifest.xml:23:22-78
uses-permission#android.permission.MASTER_CLEAR
ADDED from workspace/MST8328USBDVR/AndroidManifest.xml:25:5-70
	android:name
		ADDED from workspace/MST8328USBDVR/AndroidManifest.xml:25:22-68
uses-permission#android.permission.CLEAR_APP_USER_DATA
ADDED from workspace/MST8328USBDVR/AndroidManifest.xml:26:5-77
	android:name
		ADDED from workspace/MST8328USBDVR/AndroidManifest.xml:26:22-75
uses-permission#android.Manifest.permission.MOUNT_FORMAT_FILESYSTEMS
ADDED from workspace/MST8328USBDVR/AndroidManifest.xml:27:5-91
	android:name
		ADDED from workspace/MST8328USBDVR/AndroidManifest.xml:27:22-89
uses-permission#android.permission.WAKE_LOCK
ADDED from workspace/MST8328USBDVR/AndroidManifest.xml:28:5-67
	android:name
		ADDED from workspace/MST8328USBDVR/AndroidManifest.xml:28:22-65
uses-permission#android.permission.MOUNT_UNMOUNT_FILESYSTEMS
ADDED from workspace/MST8328USBDVR/AndroidManifest.xml:29:5-83
	android:name
		ADDED from workspace/MST8328USBDVR/AndroidManifest.xml:29:22-81
uses-permission#android.permission.SYSTEM_ALERT_WINDOW
ADDED from workspace/MST8328USBDVR/AndroidManifest.xml:31:5-77
	android:name
		ADDED from workspace/MST8328USBDVR/AndroidManifest.xml:31:22-75
uses-permission#android.permission.RESTART_PACKAGES
ADDED from workspace/MST8328USBDVR/AndroidManifest.xml:33:5-74
	android:name
		ADDED from workspace/MST8328USBDVR/AndroidManifest.xml:33:22-72
uses-permission#android.permission.WRITE_MEDIA_STORAGE
ADDED from workspace/MST8328USBDVR/AndroidManifest.xml:34:5-77
	android:name
		ADDED from workspace/MST8328USBDVR/AndroidManifest.xml:34:22-75
uses-permission#android.permission.FLASHLIGHT
ADDED from workspace/MST8328USBDVR/AndroidManifest.xml:36:5-68
	android:name
		ADDED from workspace/MST8328USBDVR/AndroidManifest.xml:36:22-66
uses-permission#android.permission.CHANGE_WIFI_STATE
ADDED from workspace/MST8328USBDVR/AndroidManifest.xml:44:5-75
	android:name
		ADDED from workspace/MST8328USBDVR/AndroidManifest.xml:44:22-73
application
ADDED from workspace/MST8328USBDVR/AndroidManifest.xml:47:5-80:19
	android:label
		ADDED from workspace/MST8328USBDVR/AndroidManifest.xml:47:115-147
	android:hardwareAccelerated
		ADDED from workspace/MST8328USBDVR/AndroidManifest.xml:47:45-79
	android:allowBackup
		ADDED from workspace/MST8328USBDVR/AndroidManifest.xml:47:18-44
	android:icon
		ADDED from workspace/MST8328USBDVR/AndroidManifest.xml:47:80-114
	android:largeHeap
		ADDED from workspace/MST8328USBDVR/AndroidManifest.xml:47:148-172
	android:theme
		ADDED from workspace/MST8328USBDVR/AndroidManifest.xml:47:207-254
	android:name
		ADDED from workspace/MST8328USBDVR/AndroidManifest.xml:47:173-206
meta-data#compile
ADDED from workspace/MST8328USBDVR/AndroidManifest.xml:48:9-80
	android:value
		ADDED from workspace/MST8328USBDVR/AndroidManifest.xml:48:43-78
	android:name
		ADDED from workspace/MST8328USBDVR/AndroidManifest.xml:48:20-42
activity#com.syu.dvr.activity.MainActivity
ADDED from workspace/MST8328USBDVR/AndroidManifest.xml:50:9-55:20
	android:clearTaskOnLaunch
		ADDED from workspace/MST8328USBDVR/AndroidManifest.xml:50:19-51
	android:process
		ADDED from workspace/MST8328USBDVR/AndroidManifest.xml:50:133-156
	android:launchMode
		ADDED from workspace/MST8328USBDVR/AndroidManifest.xml:50:52-83
	android:name
		ADDED from workspace/MST8328USBDVR/AndroidManifest.xml:50:84-132
intent-filter#android.intent.action.MAIN+android.intent.category.LAUNCHER
ADDED from workspace/MST8328USBDVR/AndroidManifest.xml:51:13-54:29
action#android.intent.action.MAIN
ADDED from workspace/MST8328USBDVR/AndroidManifest.xml:52:17-68
	android:name
		ADDED from workspace/MST8328USBDVR/AndroidManifest.xml:52:25-66
category#android.intent.category.LAUNCHER
ADDED from workspace/MST8328USBDVR/AndroidManifest.xml:53:17-76
	android:name
		ADDED from workspace/MST8328USBDVR/AndroidManifest.xml:53:27-74
activity#com.syu.dvr.activity.BaseActivity
ADDED from workspace/MST8328USBDVR/AndroidManifest.xml:56:9-69
	android:name
		ADDED from workspace/MST8328USBDVR/AndroidManifest.xml:56:19-67
activity#com.syu.dvr.activity.SetActivity
ADDED from workspace/MST8328USBDVR/AndroidManifest.xml:57:9-68
	android:name
		ADDED from workspace/MST8328USBDVR/AndroidManifest.xml:57:19-66
activity#com.syu.dvr.activity.PlayBackActivity
ADDED from workspace/MST8328USBDVR/AndroidManifest.xml:58:9-108
	android:hardwareAccelerated
		ADDED from workspace/MST8328USBDVR/AndroidManifest.xml:58:19-53
	android:name
		ADDED from workspace/MST8328USBDVR/AndroidManifest.xml:58:54-106
activity#com.syu.dvr.activity.FillActivity
ADDED from workspace/MST8328USBDVR/AndroidManifest.xml:59:9-69
	android:name
		ADDED from workspace/MST8328USBDVR/AndroidManifest.xml:59:19-67
activity#com.syu.dvr.activity.CalendarActivity
ADDED from workspace/MST8328USBDVR/AndroidManifest.xml:60:9-105
	android:launchMode
		ADDED from workspace/MST8328USBDVR/AndroidManifest.xml:60:19-50
	android:name
		ADDED from workspace/MST8328USBDVR/AndroidManifest.xml:60:51-103
activity#com.syu.dvr.activity.SystemUpgrade
ADDED from workspace/MST8328USBDVR/AndroidManifest.xml:61:9-94
	android:process
		ADDED from workspace/MST8328USBDVR/AndroidManifest.xml:61:69-92
	android:name
		ADDED from workspace/MST8328USBDVR/AndroidManifest.xml:61:19-68
service#com.syu.dvr.server.NotficationService
ADDED from workspace/MST8328USBDVR/AndroidManifest.xml:64:8-69:18
	android:process
		ADDED from workspace/MST8328USBDVR/AndroidManifest.xml:64:70-93
	android:name
		ADDED from workspace/MST8328USBDVR/AndroidManifest.xml:64:17-69
intent-filter#android.com.syu.dvr.UP_NOTIFICATION
ADDED from workspace/MST8328USBDVR/AndroidManifest.xml:65:13-68:28
action#android.com.syu.dvr.UP_NOTIFICATION
ADDED from workspace/MST8328USBDVR/AndroidManifest.xml:66:16-76
	android:name
		ADDED from workspace/MST8328USBDVR/AndroidManifest.xml:66:24-74
service#com.syu.dvr.server.CollisionVideoService
ADDED from workspace/MST8328USBDVR/AndroidManifest.xml:70:8-79:18
	android:process
		ADDED from workspace/MST8328USBDVR/AndroidManifest.xml:70:73-96
	android:name
		ADDED from workspace/MST8328USBDVR/AndroidManifest.xml:70:17-72
intent-filter#android.com.syu.dvr.action.ACCLOADRECORD+android.com.syu.dvr.action.LOCKE+android.com.syu.dvr.action.PHOTO+android.com.syu.dvr.action.RECORD+android.com.syu.dvr.action.SHURTPHOTO+android.com.syu.dvr.action.VIDEO
ADDED from workspace/MST8328USBDVR/AndroidManifest.xml:71:12-78:28
action#android.com.syu.dvr.action.LOCKE
ADDED from workspace/MST8328USBDVR/AndroidManifest.xml:72:16-73
	android:name
		ADDED from workspace/MST8328USBDVR/AndroidManifest.xml:72:24-71
action#android.com.syu.dvr.action.RECORD
ADDED from workspace/MST8328USBDVR/AndroidManifest.xml:73:16-74
	android:name
		ADDED from workspace/MST8328USBDVR/AndroidManifest.xml:73:24-72
action#android.com.syu.dvr.action.SHURTPHOTO
ADDED from workspace/MST8328USBDVR/AndroidManifest.xml:74:16-78
	android:name
		ADDED from workspace/MST8328USBDVR/AndroidManifest.xml:74:24-76
action#android.com.syu.dvr.action.VIDEO
ADDED from workspace/MST8328USBDVR/AndroidManifest.xml:75:16-73
	android:name
		ADDED from workspace/MST8328USBDVR/AndroidManifest.xml:75:24-71
action#android.com.syu.dvr.action.PHOTO
ADDED from workspace/MST8328USBDVR/AndroidManifest.xml:76:16-73
	android:name
		ADDED from workspace/MST8328USBDVR/AndroidManifest.xml:76:24-71
action#android.com.syu.dvr.action.ACCLOADRECORD
ADDED from workspace/MST8328USBDVR/AndroidManifest.xml:77:16-81
	android:name
		ADDED from workspace/MST8328USBDVR/AndroidManifest.xml:77:24-79